This is pdfTeX, Version 3.14159265-2.6-1.40.18 (TeX Live 2017) (preloaded format=pdflatex 2017.11.16)  27 OCT 2018 21:44
entering extended mode
 restricted \write18 enabled.
 %&-line parsing enabled.
**Thesis-draft.tex
(./Thesis-draft.tex
LaTeX2e <2017-04-15>
Babel <3.10> and hyphenation patterns for 22 language(s) loaded.
(/usr/local/texlive/2017basic/texmf-dist/tex/latex/extsizes/extarticle.cls
Document Class: extarticle 1996/10/08 v1.0 Non Standard LaTeX document class
(/usr/local/texlive/2017basic/texmf-dist/tex/latex/base/size12.clo
File: size12.clo 2014/09/29 v1.4h Standard LaTeX file (size option)
)
(/usr/local/texlive/2017basic/texmf-dist/tex/latex/base/exscale.sty
Package: exscale 2014/09/29 v2.1h Standard LaTeX package exscale
LaTeX Font Info:    Redeclaring symbol font `largesymbols' on input line 57.
LaTeX Font Info:    Overwriting symbol font `largesymbols' in version `normal'
(Font)                  OMX/cmex/m/n --> OMX/cmex/m/n on input line 57.
LaTeX Font Info:    Overwriting symbol font `largesymbols' in version `bold'
(Font)                  OMX/cmex/m/n --> OMX/cmex/m/n on input line 57.
\big@size=\dimen102
)
\c@part=\count79
\c@section=\count80
\c@subsection=\count81
\c@subsubsection=\count82
\c@paragraph=\count83
\c@subparagraph=\count84
\c@figure=\count85
\c@table=\count86
\abovecaptionskip=\skip41
\belowcaptionskip=\skip42
\bibindent=\dimen103
)
(/usr/local/texlive/2017basic/texmf-dist/tex/latex/graphics/graphicx.sty
Package: graphicx 2014/10/28 v1.0g Enhanced LaTeX Graphics (DPC,SPQR)

(/usr/local/texlive/2017basic/texmf-dist/tex/latex/graphics/keyval.sty
Package: keyval 2014/10/28 v1.15 key=value parser (DPC)
\KV@toks@=\toks14
)
(/usr/local/texlive/2017basic/texmf-dist/tex/latex/graphics/graphics.sty
Package: graphics 2017/04/14 v1.1b Standard LaTeX Graphics (DPC,SPQR)

(/usr/local/texlive/2017basic/texmf-dist/tex/latex/graphics/trig.sty
Package: trig 2016/01/03 v1.10 sin cos tan (DPC)
)
(/usr/local/texlive/2017basic/texmf-dist/tex/latex/graphics-cfg/graphics.cfg
File: graphics.cfg 2016/06/04 v1.11 sample graphics configuration
)
Package graphics Info: Driver file: pdftex.def on input line 99.

(/usr/local/texlive/2017basic/texmf-dist/tex/latex/graphics-def/pdftex.def
File: pdftex.def 2017/01/12 v0.06k Graphics/color for pdfTeX

(/usr/local/texlive/2017basic/texmf-dist/tex/generic/oberdiek/infwarerr.sty
Package: infwarerr 2016/05/16 v1.4 Providing info/warning/error messages (HO)
)
(/usr/local/texlive/2017basic/texmf-dist/tex/generic/oberdiek/ltxcmds.sty
Package: ltxcmds 2016/05/16 v1.23 LaTeX kernel commands for general use (HO)
)
\Gread@gobject=\count87
))
\Gin@req@height=\dimen104
\Gin@req@width=\dimen105
)
(/usr/local/texlive/2017basic/texmf-dist/tex/latex/url/url.sty
\Urlmuskip=\muskip10
Package: url 2013/09/16  ver 3.4  Verb mode for urls, etc.
)
(/usr/local/texlive/2017basic/texmf-dist/tex/latex/geometry/geometry.sty
Package: geometry 2010/09/12 v5.6 Page Geometry

(/usr/local/texlive/2017basic/texmf-dist/tex/generic/oberdiek/ifpdf.sty
Package: ifpdf 2017/03/15 v3.2 Provides the ifpdf switch
)
(/usr/local/texlive/2017basic/texmf-dist/tex/generic/oberdiek/ifvtex.sty
Package: ifvtex 2016/05/16 v1.6 Detect VTeX and its facilities (HO)
Package ifvtex Info: VTeX not detected.
)
(/usr/local/texlive/2017basic/texmf-dist/tex/generic/ifxetex/ifxetex.sty
Package: ifxetex 2010/09/12 v0.6 Provides ifxetex conditional
)
\Gm@cnth=\count88
\Gm@cntv=\count89
\c@Gm@tempcnt=\count90
\Gm@bindingoffset=\dimen106
\Gm@wd@mp=\dimen107
\Gm@odd@mp=\dimen108
\Gm@even@mp=\dimen109
\Gm@layoutwidth=\dimen110
\Gm@layoutheight=\dimen111
\Gm@layouthoffset=\dimen112
\Gm@layoutvoffset=\dimen113
\Gm@dimlist=\toks15
)
(/usr/local/texlive/2017basic/texmf-dist/tex/generic/babel/babel.sty
Package: babel 2017/05/19 3.10 The Babel package

(/usr/local/texlive/2017basic/texmf-dist/tex/generic/babel-english/english.ldf
Language: english 2017/01/24 v3.3q English support from the babel system

(/usr/local/texlive/2017basic/texmf-dist/tex/generic/babel/babel.def
File: babel.def 2017/05/19 3.10 Babel common definitions
\babel@savecnt=\count91
\U@D=\dimen114
)
\l@canadian = a dialect from \language\l@american 
\l@australian = a dialect from \language\l@british 
\l@newzealand = a dialect from \language\l@british 
))
(./titlepic.sty
Package: titlepic 2017/03/14 1.2 Package to display a picture on the title page

)
(/usr/local/texlive/2017basic/texmf-dist/tex/latex/amsmath/amsmath.sty
Package: amsmath 2016/11/05 v2.16a AMS math features
\@mathmargin=\skip43

For additional information on amsmath, use the `?' option.
(/usr/local/texlive/2017basic/texmf-dist/tex/latex/amsmath/amstext.sty
Package: amstext 2000/06/29 v2.01 AMS text

(/usr/local/texlive/2017basic/texmf-dist/tex/latex/amsmath/amsgen.sty
File: amsgen.sty 1999/11/30 v2.0 generic functions
\@emptytoks=\toks16
\ex@=\dimen115
))
(/usr/local/texlive/2017basic/texmf-dist/tex/latex/amsmath/amsbsy.sty
Package: amsbsy 1999/11/29 v1.2d Bold Symbols
\pmbraise@=\dimen116
)
(/usr/local/texlive/2017basic/texmf-dist/tex/latex/amsmath/amsopn.sty
Package: amsopn 2016/03/08 v2.02 operator names
)
\inf@bad=\count92
LaTeX Info: Redefining \frac on input line 213.
\uproot@=\count93
\leftroot@=\count94
LaTeX Info: Redefining \overline on input line 375.
\classnum@=\count95
\DOTSCASE@=\count96
LaTeX Info: Redefining \ldots on input line 472.
LaTeX Info: Redefining \dots on input line 475.
LaTeX Info: Redefining \cdots on input line 596.
\Mathstrutbox@=\box26
\strutbox@=\box27
\big@size=\dimen117
LaTeX Font Info:    Redeclaring font encoding OML on input line 712.
LaTeX Font Info:    Redeclaring font encoding OMS on input line 713.
\macc@depth=\count97
\c@MaxMatrixCols=\count98
\dotsspace@=\muskip11
\c@parentequation=\count99
\dspbrk@lvl=\count100
\tag@help=\toks17
\row@=\count101
\column@=\count102
\maxfields@=\count103
\andhelp@=\toks18
\eqnshift@=\dimen118
\alignsep@=\dimen119
\tagshift@=\dimen120
\tagwidth@=\dimen121
\totwidth@=\dimen122
\lineht@=\dimen123
\@envbody=\toks19
\multlinegap=\skip44
\multlinetaggap=\skip45
\mathdisplay@stack=\toks20
LaTeX Info: Redefining \[ on input line 2817.
LaTeX Info: Redefining \] on input line 2818.
)
(/usr/local/texlive/2017basic/texmf-dist/tex/latex/amsfonts/amssymb.sty
Package: amssymb 2013/01/14 v3.01 AMS font symbols

(/usr/local/texlive/2017basic/texmf-dist/tex/latex/amsfonts/amsfonts.sty
Package: amsfonts 2013/01/14 v3.01 Basic AMSFonts support
\symAMSa=\mathgroup4
\symAMSb=\mathgroup5
LaTeX Font Info:    Overwriting math alphabet `\mathfrak' in version `bold'
(Font)                  U/euf/m/n --> U/euf/b/n on input line 106.
))
(/usr/local/texlive/2017basic/texmf-dist/tex/latex/float/float.sty
Package: float 2001/11/08 v1.3d Float enhancements (AL)
\c@float@type=\count104
\float@exts=\toks21
\float@box=\box28
\@float@everytoks=\toks22
\@floatcapt=\box29
)
(/usr/local/texlive/2017basic/texmf-dist/tex/latex/tools/enumerate.sty
Package: enumerate 2015/07/23 v3.00 enumerate extensions (DPC)
\@enLab=\toks23
)
(/usr/local/texlive/2017basic/texmf-dist/tex/latex/booktabs/booktabs.sty
Package: booktabs 2016/04/27 v1.618033 publication quality tables
\heavyrulewidth=\dimen124
\lightrulewidth=\dimen125
\cmidrulewidth=\dimen126
\belowrulesep=\dimen127
\belowbottomsep=\dimen128
\aboverulesep=\dimen129
\abovetopsep=\dimen130
\cmidrulesep=\dimen131
\cmidrulekern=\dimen132
\defaultaddspace=\dimen133
\@cmidla=\count105
\@cmidlb=\count106
\@aboverulesep=\dimen134
\@belowrulesep=\dimen135
\@thisruleclass=\count107
\@lastruleclass=\count108
\@thisrulewidth=\dimen136
)
(/usr/local/texlive/2017basic/texmf-dist/tex/latex/natbib/natbib.sty
Package: natbib 2010/09/13 8.31b (PWD, AO)
\bibhang=\skip46
\bibsep=\skip47
LaTeX Info: Redefining \cite on input line 694.
\c@NAT@ctr=\count109
)
(./algorithm2e.sty
Package: algorithm2e 2017/07/18 v5.2 algorithms environments
\c@AlgoLine=\count110

(/usr/local/texlive/2017basic/texmf-dist/tex/latex/base/ifthen.sty
Package: ifthen 2014/09/29 v1.1c Standard LaTeX ifthen package (DPC)
)
\algocf@hangindent=\skip48

(./ifoddpage.sty
Package: ifoddpage 2011/09/13 v1.0 Conditionals for odd/even page detection
\c@checkoddpage=\count111
)
(/usr/local/texlive/2017basic/texmf-dist/tex/latex/tools/xspace.sty
Package: xspace 2014/10/28 v1.13 Space after command names (DPC,MH)
)
(./relsize.sty
Package: relsize 2013/03/29 ver 4.1
)
\skiptotal=\skip49
\skiplinenumber=\skip50
\skiprule=\skip51
\skiphlne=\skip52
\skiptext=\skip53
\skiplength=\skip54
\algomargin=\skip55
\skipalgocfslide=\skip56
\algowidth=\dimen137
\inoutsize=\dimen138
\inoutindent=\dimen139
\interspacetitleruled=\dimen140
\interspacealgoruled=\dimen141
\interspacetitleboxruled=\dimen142
\algocf@ruledwidth=\skip57
\algocf@inoutbox=\box30
\algocf@inputbox=\box31
\AlCapSkip=\skip58
\AlCapHSkip=\skip59
\algoskipindent=\skip60
\algocf@nlbox=\box32
\algocf@hangingbox=\box33
\algocf@untilbox=\box34
\algocf@skipuntil=\skip61
\algocf@capbox=\box35
\algocf@lcaptionbox=\skip62
\algoheightruledefault=\skip63
\algoheightrule=\skip64
\algotitleheightruledefault=\skip65
\algotitleheightrule=\skip66
\c@algocfline=\count112
\c@algocfproc=\count113
\c@algocf=\count114
\algocf@algoframe=\box36
\algocf@algobox=\box37
)
(/usr/local/texlive/2017basic/texmf-dist/tex/latex/hyperref/hyperref.sty
Package: hyperref 2017/03/14 v6.85a Hypertext links for LaTeX

(/usr/local/texlive/2017basic/texmf-dist/tex/generic/oberdiek/hobsub-hyperref.s
ty
Package: hobsub-hyperref 2016/05/16 v1.14 Bundle oberdiek, subset hyperref (HO)


(/usr/local/texlive/2017basic/texmf-dist/tex/generic/oberdiek/hobsub-generic.st
y
Package: hobsub-generic 2016/05/16 v1.14 Bundle oberdiek, subset generic (HO)
Package: hobsub 2016/05/16 v1.14 Construct package bundles (HO)
Package hobsub Info: Skipping package `infwarerr' (already loaded).
Package hobsub Info: Skipping package `ltxcmds' (already loaded).
Package: ifluatex 2016/05/16 v1.4 Provides the ifluatex switch (HO)
Package ifluatex Info: LuaTeX not detected.
Package hobsub Info: Skipping package `ifvtex' (already loaded).
Package: intcalc 2016/05/16 v1.2 Expandable calculations with integers (HO)
Package hobsub Info: Skipping package `ifpdf' (already loaded).
Package: etexcmds 2016/05/16 v1.6 Avoid name clashes with e-TeX commands (HO)
Package etexcmds Info: Could not find \expanded.
(etexcmds)             That can mean that you are not using pdfTeX 1.50 or
(etexcmds)             that some package has redefined \expanded.
(etexcmds)             In the latter case, load this package earlier.
Package: kvsetkeys 2016/05/16 v1.17 Key value parser (HO)
Package: kvdefinekeys 2016/05/16 v1.4 Define keys (HO)
Package: pdftexcmds 2017/03/19 v0.25 Utility functions of pdfTeX for LuaTeX (HO
)
Package pdftexcmds Info: LuaTeX not detected.
Package pdftexcmds Info: \pdf@primitive is available.
Package pdftexcmds Info: \pdf@ifprimitive is available.
Package pdftexcmds Info: \pdfdraftmode found.
Package: pdfescape 2016/05/16 v1.14 Implements pdfTeX's escape features (HO)
Package: bigintcalc 2016/05/16 v1.4 Expandable calculations on big integers (HO
)
Package: bitset 2016/05/16 v1.2 Handle bit-vector datatype (HO)
Package: uniquecounter 2016/05/16 v1.3 Provide unlimited unique counter (HO)
)
Package hobsub Info: Skipping package `hobsub' (already loaded).
Package: letltxmacro 2016/05/16 v1.5 Let assignment for LaTeX macros (HO)
Package: hopatch 2016/05/16 v1.3 Wrapper for package hooks (HO)
Package: xcolor-patch 2016/05/16 xcolor patch
Package: atveryend 2016/05/16 v1.9 Hooks at the very end of document (HO)
Package atveryend Info: \enddocument detected (standard20110627).
Package: atbegshi 2016/06/09 v1.18 At begin shipout hook (HO)
Package: refcount 2016/05/16 v3.5 Data extraction from label references (HO)
Package: hycolor 2016/05/16 v1.8 Color options for hyperref/bookmark (HO)
) (/usr/local/texlive/2017basic/texmf-dist/tex/latex/oberdiek/auxhook.sty
Package: auxhook 2016/05/16 v1.4 Hooks for auxiliary files (HO)
)
(/usr/local/texlive/2017basic/texmf-dist/tex/latex/oberdiek/kvoptions.sty
Package: kvoptions 2016/05/16 v3.12 Key value format for package options (HO)
)
\@linkdim=\dimen143
\Hy@linkcounter=\count115
\Hy@pagecounter=\count116

(/usr/local/texlive/2017basic/texmf-dist/tex/latex/hyperref/pd1enc.def
File: pd1enc.def 2017/03/14 v6.85a Hyperref: PDFDocEncoding definition (HO)
)
\Hy@SavedSpaceFactor=\count117

(/usr/local/texlive/2017basic/texmf-dist/tex/latex/latexconfig/hyperref.cfg
File: hyperref.cfg 2002/06/06 v1.2 hyperref configuration of TeXLive
)
Package hyperref Info: Hyper figures OFF on input line 4498.
Package hyperref Info: Link nesting OFF on input line 4503.
Package hyperref Info: Hyper index ON on input line 4506.
Package hyperref Info: Plain pages OFF on input line 4513.
Package hyperref Info: Backreferencing OFF on input line 4518.
Package hyperref Info: Implicit mode ON; LaTeX internals redefined.
Package hyperref Info: Bookmarks ON on input line 4751.
\c@Hy@tempcnt=\count118
LaTeX Info: Redefining \url on input line 5104.
\XeTeXLinkMargin=\dimen144
\Fld@menulength=\count119
\Field@Width=\dimen145
\Fld@charsize=\dimen146
Package hyperref Info: Hyper figures OFF on input line 6358.
Package hyperref Info: Link nesting OFF on input line 6363.
Package hyperref Info: Hyper index ON on input line 6366.
Package hyperref Info: backreferencing OFF on input line 6373.
Package hyperref Info: Link coloring OFF on input line 6378.
Package hyperref Info: Link coloring with OCG OFF on input line 6383.
Package hyperref Info: PDF/A mode OFF on input line 6388.
LaTeX Info: Redefining \ref on input line 6428.
LaTeX Info: Redefining \pageref on input line 6432.
\Hy@abspage=\count120
\c@Item=\count121
\c@Hfootnote=\count122
)

Package hyperref Message: Driver (autodetected): hpdftex.

(/usr/local/texlive/2017basic/texmf-dist/tex/latex/hyperref/hpdftex.def
File: hpdftex.def 2017/03/14 v6.85a Hyperref driver for pdfTeX
\Fld@listcount=\count123
\c@bookmark@seq@number=\count124

(/usr/local/texlive/2017basic/texmf-dist/tex/latex/oberdiek/rerunfilecheck.sty
Package: rerunfilecheck 2016/05/16 v1.8 Rerun checks for auxiliary files (HO)
Package uniquecounter Info: New unique counter `rerunfilecheck' on input line 2
82.
)
\Hy@SectionHShift=\skip67
) (./Thesis-draft.aux)
\openout1 = `Thesis-draft.aux'.

LaTeX Font Info:    Checking defaults for OML/cmm/m/it on input line 42.
LaTeX Font Info:    ... okay on input line 42.
LaTeX Font Info:    Checking defaults for T1/cmr/m/n on input line 42.
LaTeX Font Info:    ... okay on input line 42.
LaTeX Font Info:    Checking defaults for OT1/cmr/m/n on input line 42.
LaTeX Font Info:    ... okay on input line 42.
LaTeX Font Info:    Checking defaults for OMS/cmsy/m/n on input line 42.
LaTeX Font Info:    ... okay on input line 42.
LaTeX Font Info:    Checking defaults for OMX/cmex/m/n on input line 42.
LaTeX Font Info:    ... okay on input line 42.
LaTeX Font Info:    Checking defaults for U/cmr/m/n on input line 42.
LaTeX Font Info:    ... okay on input line 42.
LaTeX Font Info:    Checking defaults for PD1/pdf/m/n on input line 42.
LaTeX Font Info:    ... okay on input line 42.

(/usr/local/texlive/2017basic/texmf-dist/tex/context/base/mkii/supp-pdf.mkii
[Loading MPS to PDF converter (version 2006.09.02).]
\scratchcounter=\count125
\scratchdimen=\dimen147
\scratchbox=\box38
\nofMPsegments=\count126
\nofMParguments=\count127
\everyMPshowfont=\toks24
\MPscratchCnt=\count128
\MPscratchDim=\dimen148
\MPnumerator=\count129
\makeMPintoPDFobject=\count130
\everyMPtoPDFconversion=\toks25
) (/usr/local/texlive/2017basic/texmf-dist/tex/latex/oberdiek/epstopdf-base.sty
Package: epstopdf-base 2016/05/15 v2.6 Base part for package epstopdf
(/usr/local/texlive/2017basic/texmf-dist/tex/latex/oberdiek/grfext.sty
Package: grfext 2016/05/16 v1.2 Manage graphics extensions (HO)
)
Package epstopdf-base Info: Redefining graphics rule for `.eps' on input line 4
38.
Package grfext Info: Graphics extension search list:
(grfext)             [.png,.pdf,.jpg,.mps,.jpeg,.jbig2,.jb2,.PNG,.PDF,.JPG,.JPE
G,.JBIG2,.JB2,.eps]
(grfext)             \AppendGraphicsExtensions on input line 456.

(/usr/local/texlive/2017basic/texmf-dist/tex/latex/latexconfig/epstopdf-sys.cfg
File: epstopdf-sys.cfg 2010/07/13 v1.3 Configuration of (r)epstopdf for TeX Liv
e
))
*geometry* driver: auto-detecting
*geometry* detected driver: pdftex
*geometry* verbose mode - [ preamble ] result:
* driver: pdftex
* paper: a4paper
* layout: <same size as paper>
* layoutoffset:(h,v)=(0.0pt,0.0pt)
* modes: 
* h-part:(L,W,R)=(56.9055pt, 483.69687pt, 56.9055pt)
* v-part:(T,H,B)=(56.9055pt, 702.78308pt, 85.35826pt)
* \paperwidth=597.50787pt
* \paperheight=845.04684pt
* \textwidth=448.07378pt
* \textheight=549.25243pt
* \oddsidemargin=0.0pt
* \evensidemargin=-15.36449pt
* \topmargin=21.68121pt
* \headheight=12.0pt
* \headsep=25.0pt
* \topskip=12.0pt
* \footskip=30.0pt
* \marginparwidth=44.0pt
* \marginparsep=10.0pt
* \columnsep=10.0pt
* \skip\footins=10.8pt plus 4.0pt minus 2.0pt
* \hoffset=0.0pt
* \voffset=0.0pt
* \mag=1000
* \@twocolumnfalse
* \@twosidefalse
* \@mparswitchfalse
* \@reversemarginfalse
* (1in=72.27pt=25.4mm, 1cm=28.453pt)

\AtBeginShipoutBox=\box39
Package hyperref Info: Link coloring OFF on input line 42.
(/usr/local/texlive/2017basic/texmf-dist/tex/latex/hyperref/nameref.sty
Package: nameref 2016/05/21 v2.44 Cross-referencing by name of section

(/usr/local/texlive/2017basic/texmf-dist/tex/generic/oberdiek/gettitlestring.st
y
Package: gettitlestring 2016/05/16 v1.5 Cleanup title references (HO)
)
\c@section@level=\count131
)
LaTeX Info: Redefining \ref on input line 42.
LaTeX Info: Redefining \pageref on input line 42.
LaTeX Info: Redefining \nameref on input line 42.
 (./Thesis-draft.out) (./Thesis-draft.out)
\@outlinefile=\write3
\openout3 = `Thesis-draft.out'.

*geometry* verbose mode - [ newgeometry ] result:
* driver: pdftex
* paper: a4paper
* layout: <same size as paper>
* layoutoffset:(h,v)=(0.0pt,0.0pt)
* modes: 
* h-part:(L,W,R)=(0.0pt, 597.50787pt, 0.0pt)
* v-part:(T,H,B)=(0.0pt, 845.04684pt, 0.0pt)
* \paperwidth=597.50787pt
* \paperheight=845.04684pt
* \textwidth=597.50787pt
* \textheight=845.04684pt
* \oddsidemargin=-72.26999pt
* \evensidemargin=-72.26999pt
* \topmargin=-109.26999pt
* \headheight=12.0pt
* \headsep=25.0pt
* \topskip=12.0pt
* \footskip=30.0pt
* \marginparwidth=44.0pt
* \marginparsep=10.0pt
* \columnsep=10.0pt
* \skip\footins=10.8pt plus 4.0pt minus 2.0pt
* \hoffset=0.0pt
* \voffset=0.0pt
* \mag=1000
* \@twocolumnfalse
* \@twosidefalse
* \@mparswitchfalse
* \@reversemarginfalse
* (1in=72.27pt=25.4mm, 1cm=28.453pt)

LaTeX Font Info:    Try loading font information for U+msa on input line 50.

(/usr/local/texlive/2017basic/texmf-dist/tex/latex/amsfonts/umsa.fd
File: umsa.fd 2013/01/14 v3.01 AMS symbols A
)
LaTeX Font Info:    Try loading font information for U+msb on input line 50.

(/usr/local/texlive/2017basic/texmf-dist/tex/latex/amsfonts/umsb.fd
File: umsb.fd 2013/01/14 v3.01 AMS symbols B
)

LaTeX Warning: No \author given.

<./images/cover.pdf, id=369, 597.23125pt x 845.1575pt>
File: ./images/cover.pdf Graphic file (type pdf)

<use ./images/cover.pdf>
Package pdftex.def Info: ./images/cover.pdf used on input line 50.
(pdftex.def)             Requested size: 597.22978pt x 845.15544pt.
 [1


{/usr/local/texlive/2017basic/texmf-var/fonts/map/pdftex/updmap/pdftex.map}]
Overfull \vbox (0.1086pt too high) has occurred while \output is active []


[2 <./images/cover.pdf>]
<./images/cover2.pdf, id=417, 597.23125pt x 845.1575pt>
File: ./images/cover2.pdf Graphic file (type pdf)

<use ./images/cover2.pdf>
Package pdftex.def Info: ./images/cover2.pdf used on input line 56.
(pdftex.def)             Requested size: 597.22978pt x 845.15544pt.
pdfTeX warning (ext4): destination with the same identifier (name{page.1}) has 
been already used, duplicate ignored
<to be read again> 
                   \relax 
l.59 	\restoregeometry
                       [1

]
Overfull \vbox (14.6086pt too high) has occurred while \output is active []

pdfTeX warning (ext4): destination with the same identifier (name{page.2}) has 
been already used, duplicate ignored
<to be read again> 
                   \relax 
l.59 	\restoregeometry
                       [2 <./images/cover2.pdf>]
Underfull \hbox (badness 10000) in paragraph at lines 71--73

 []


Underfull \hbox (badness 10000) in paragraph at lines 71--73

 []

pdfTeX warning (ext4): destination with the same identifier (name{page.1}) has 
been already used, duplicate ignored
<to be read again> 
                   \relax 
l.77 	\clearpage
                 [1


]
Underfull \hbox (badness 10000) in paragraph at lines 79--82

 []


Underfull \hbox (badness 10000) in paragraph at lines 79--82

 []

pdfTeX warning (ext4): destination with the same identifier (name{page.2}) has 
been already used, duplicate ignored
<to be read again> 
                   \relax 
l.86 	\clearpage
                 [2

]
Underfull \hbox (badness 10000) in paragraph at lines 94--96

 []


Underfull \hbox (badness 10000) in paragraph at lines 94--96

 []

[3

] [4

] (./Thesis-draft.toc [5

] [6])
\tf@toc=\write4
\openout4 = `Thesis-draft.toc'.

 [7] (./Thesis-draft.lof)
\tf@lof=\write5
\openout5 = `Thesis-draft.lof'.

 [8

]
(./Thesis-draft.lot)
\tf@lot=\write6
\openout6 = `Thesis-draft.lot'.

 [9

] [10

] [11] [12]
Missing character: There is no Ã in font cmr12!
Missing character: There is no ¡ in font cmr12!
 [13] [14] [15]
<./images/sys-arch1.jpg, id=749, 821.0675pt x 441.65pt>
File: ./images/sys-arch1.jpg Graphic file (type jpg)

<use ./images/sys-arch1.jpg>
Package pdftex.def Info: ./images/sys-arch1.jpg used on input line 151.
(pdftex.def)             Requested size: 451.58853pt x 242.90823pt.

Overfull \hbox (3.51476pt too wide) in paragraph at lines 151--154
 [][] 
 []

[16] [17 <./images/sys-arch1.jpg>]
Underfull \hbox (badness 10000) in paragraph at lines 160--162

 []

Missing character: There is no Ë in font cmr12!
Missing character: There is no † in font cmr12!
Missing character: There is no Ë in font cmr12!
Missing character: There is no † in font cmr12!
Missing character: There is no Ë in font cmr12!
Missing character: There is no † in font cmr12!
Missing character: There is no Ë in font cmr12!
Missing character: There is no † in font cmr12!

Underfull \hbox (badness 10000) in paragraph at lines 162--164

 []

[18]
Underfull \hbox (badness 10000) in paragraph at lines 164--166

 []


Underfull \hbox (badness 10000) in paragraph at lines 166--168

 []

[19] [20]
Underfull \hbox (badness 10000) in paragraph at lines 173--176

 []

[21] [22] [23] [24]
<./images/agent-env-rl.png, id=877, 435.6275pt x 175.65625pt>
File: ./images/agent-env-rl.png Graphic file (type png)

<use ./images/agent-env-rl.png>
Package pdftex.def Info: ./images/agent-env-rl.png used on input line 199.
(pdftex.def)             Requested size: 435.62643pt x 175.6558pt.
 [25]
LaTeX Font Info:    Try loading font information for OMS+cmr on input line 207.


(/usr/local/texlive/2017basic/texmf-dist/tex/latex/base/omscmr.fd
File: omscmr.fd 2014/09/29 v2.5h Standard LaTeX font definitions
)
LaTeX Font Info:    Font shape `OMS/cmr/m/n' in size <12> not available
(Font)              Font shape `OMS/cmsy/m/n' tried instead on input line 207.
 [26 <./images/agent-env-rl.png>] [27]
Missing character: There is no Ë in font cmr8!
Missing character: There is no † in font cmr8!
Missing character: There is no Ë in font cmr12!
Missing character: There is no † in font cmr12!
Missing character: There is no Ë in font cmr12!
Missing character: There is no † in font cmr12!
Missing character: There is no Ë in font cmr8!
Missing character: There is no † in font cmr8!
Missing character: There is no Ë in font cmr12!
Missing character: There is no † in font cmr12!
Missing character: There is no Ë in font cmr12!
Missing character: There is no † in font cmr12!
Missing character: There is no Ë in font cmr8!
Missing character: There is no † in font cmr8!
Missing character: There is no Ë in font cmr12!
Missing character: There is no † in font cmr12!
Missing character: There is no Ë in font cmr12!
Missing character: There is no † in font cmr12!
Missing character: There is no Ë in font cmr8!
Missing character: There is no † in font cmr8!
Missing character: There is no Ë in font cmr12!
Missing character: There is no † in font cmr12!
Missing character: There is no Ë in font cmr12!
Missing character: There is no † in font cmr12!
Missing character: There is no Ë in font cmr8!
Missing character: There is no † in font cmr8!
Missing character: There is no Ë in font cmr12!
Missing character: There is no † in font cmr12!
Missing character: There is no Ë in font cmr8!
Missing character: There is no † in font cmr8!
Missing character: There is no Ë in font cmr8!
Missing character: There is no † in font cmr8!
Missing character: There is no Ë in font cmr12!
Missing character: There is no † in font cmr12!
Missing character: There is no Ë in font cmr8!
Missing character: There is no † in font cmr8!
 [28]
Missing character: There is no Ë in font cmr8!
Missing character: There is no † in font cmr8!
Missing character: There is no Ë in font cmr12!
Missing character: There is no † in font cmr12!
Missing character: There is no Ë in font cmr12!
Missing character: There is no † in font cmr12!
Missing character: There is no Ë in font cmr8!
Missing character: There is no † in font cmr8!
Missing character: There is no Ë in font cmr12!
Missing character: There is no † in font cmr12!
Missing character: There is no Ë in font cmr12!
Missing character: There is no † in font cmr12!
Missing character: There is no Ë in font cmr8!
Missing character: There is no † in font cmr8!
Missing character: There is no Ë in font cmr8!
Missing character: There is no † in font cmr8!
Missing character: There is no Ë in font cmr12!
Missing character: There is no † in font cmr12!
Missing character: There is no Ë in font cmr8!
Missing character: There is no † in font cmr8!
Missing character: There is no Ë in font cmr12!
Missing character: There is no † in font cmr12!
Missing character: There is no Ë in font cmr12!
Missing character: There is no † in font cmr12!
Missing character: There is no Ë in font cmr8!
Missing character: There is no † in font cmr8!
Missing character: There is no Ë in font cmr8!
Missing character: There is no † in font cmr8!
Missing character: There is no Ë in font cmr12!
Missing character: There is no † in font cmr12!
Missing character: There is no Ë in font cmr8!
Missing character: There is no † in font cmr8!
Missing character: There is no Ë in font cmr12!
Missing character: There is no † in font cmr12!
Missing character: There is no Ë in font cmr12!
Missing character: There is no † in font cmr12!

<./images/user-env4-2.png, id=928, 795.97375pt x 651.43375pt>
File: ./images/user-env4-2.png Graphic file (type png)

<use ./images/user-env4-2.png>
Package pdftex.def Info: ./images/user-env4-2.png used on input line 284.
(pdftex.def)             Requested size: 517.37682pt x 423.42691pt.

Overfull \hbox (69.30304pt too wide) in paragraph at lines 284--287
 [][] 
 []

[29] [30] <./images/user-env.png, id=944, 541.02126pt x 501.875pt>
File: ./images/user-env.png Graphic file (type png)

<use ./images/user-env.png>
Package pdftex.def Info: ./images/user-env.png used on input line 291.
(pdftex.def)             Requested size: 351.65964pt x 326.21487pt.
 [31 <./images/user-env4-2.png>] [32]
<./images/user-env3.png, id=955, 994.71625pt x 726.715pt>
File: ./images/user-env3.png Graphic file (type png)

<use ./images/user-env3.png>
Package pdftex.def Info: ./images/user-env3.png used on input line 300.
(pdftex.def)             Requested size: 497.3569pt x 363.3566pt.

Overfull \hbox (49.28313pt too wide) in paragraph at lines 300--302
 [][] 
 []

[33 <./images/user-env.png>] [34 <./images/user-env3.png>]
<./images/mdp_methods.jpg, id=968, 385.44pt x 233.87375pt>
File: ./images/mdp_methods.jpg Graphic file (type jpg)

<use ./images/mdp_methods.jpg>
Package pdftex.def Info: ./images/mdp_methods.jpg used on input line 308.
(pdftex.def)             Requested size: 269.80615pt x 163.71048pt.
 [35 <./images/mdp_methods.jpg>]
Missing character: There is no Ë in font cmr8!
Missing character: There is no † in font cmr8!
Missing character: There is no Ë in font cmr12!
Missing character: There is no † in font cmr12!
Missing character: There is no Ë in font cmr12!
Missing character: There is no † in font cmr12!

Underfull \hbox (badness 10000) in paragraph at lines 334--336

 []

[36pdfTeX warning (ext4): destination with the same identifier (name{equation.3
.13}) has been already used, duplicate ignored

\AtBegShi@Output ...ipout \box \AtBeginShipoutBox 
                                                  \fi \fi 
l.336 	\begin{align}
                    ]
Missing character: There is no Ë in font cmr8!
Missing character: There is no † in font cmr8!
Missing character: There is no Ë in font cmr8!
Missing character: There is no † in font cmr8!

Underfull \hbox (badness 10000) in paragraph at lines 341--343

 []


Underfull \hbox (badness 10000) in paragraph at lines 343--345

 []

[37]

LaTeX Warning: `h' float specifier changed to `ht'.

[38]

LaTeX Warning: `h' float specifier changed to `ht'.


Underfull \hbox (badness 10000) in paragraph at lines 411--413

 []

[39]
Overfull \hbox (17.08891pt too wide) in paragraph at lines 422--425
\OT1/cmr/m/n/12 ing and greater sam-ple ef-fi-ciency is by record-ing the tran-
si-tion his-tory e.g. $(\OML/cmm/m/it/12 s[]; a[]; s[]; a[]:::\OT1/cmr/m/n/12 )
$
 []


Underfull \hbox (badness 10000) in paragraph at lines 426--428

 []

[40] [41]
Missing character: There is no Ë in font cmr8!
Missing character: There is no † in font cmr8!
Missing character: There is no Ë in font cmr12!
Missing character: There is no † in font cmr12!
Missing character: There is no Ë in font cmr12!
Missing character: There is no † in font cmr12!
Missing character: There is no Ë in font cmr12!
Missing character: There is no † in font cmr12!
Missing character: There is no Ë in font cmr12!
Missing character: There is no † in font cmr12!
Missing character: There is no Ë in font cmr8!
Missing character: There is no † in font cmr8!
Missing character: There is no Ë in font cmr12!
Missing character: There is no † in font cmr12!
Missing character: There is no Ë in font cmr12!
Missing character: There is no † in font cmr12!
Missing character: There is no Ë in font cmr8!
Missing character: There is no † in font cmr8!
Missing character: There is no Ë in font cmr12!
Missing character: There is no † in font cmr12!
Missing character: There is no Ë in font cmr12!
Missing character: There is no † in font cmr12!
Missing character: There is no Ë in font cmr12!
Missing character: There is no † in font cmr12!
Missing character: There is no Ë in font cmr12!
Missing character: There is no † in font cmr12!
Missing character: There is no Ë in font cmr8!
Missing character: There is no † in font cmr8!
Missing character: There is no Ë in font cmr12!
Missing character: There is no † in font cmr12!
Missing character: There is no Ë in font cmr12!
Missing character: There is no † in font cmr12!
Missing character: There is no Ë in font cmr8!
Missing character: There is no † in font cmr8!
Missing character: There is no Ë in font cmr12!
Missing character: There is no † in font cmr12!
Missing character: There is no Ë in font cmr8!
Missing character: There is no † in font cmr8!
Missing character: There is no Ë in font cmr12!
Missing character: There is no † in font cmr12!
Missing character: There is no Ë in font cmr12!
Missing character: There is no † in font cmr12!
Missing character: There is no Ë in font cmr12!
Missing character: There is no † in font cmr12!
Missing character: There is no Ë in font cmr12!
Missing character: There is no † in font cmr12!
Missing character: There is no Ë in font cmr12!
Missing character: There is no † in font cmr12!
Missing character: There is no Ë in font cmr12!
Missing character: There is no † in font cmr12!
Missing character: There is no Ë in font cmr8!
Missing character: There is no † in font cmr8!
Missing character: There is no Ë in font cmr12!
Missing character: There is no † in font cmr12!
Missing character: There is no Ë in font cmr12!
Missing character: There is no † in font cmr12!
Missing character: There is no Ë in font cmr12!
Missing character: There is no † in font cmr12!
Missing character: There is no Ë in font cmr12!
Missing character: There is no † in font cmr12!
Missing character: There is no Ë in font cmr8!
Missing character: There is no † in font cmr8!
Missing character: There is no Ë in font cmr12!
Missing character: There is no † in font cmr12!
Missing character: There is no Ë in font cmr8!
Missing character: There is no † in font cmr8!
Missing character: There is no Ë in font cmr12!
Missing character: There is no † in font cmr12!
Missing character: There is no Ë in font cmr12!
Missing character: There is no † in font cmr12!
Missing character: There is no Ë in font cmr12!
Missing character: There is no † in font cmr12!
Missing character: There is no Ë in font cmr12!
Missing character: There is no † in font cmr12!
Missing character: There is no Ë in font cmr12!
Missing character: There is no † in font cmr12!
Missing character: There is no Ë in font cmr12!
Missing character: There is no † in font cmr12!
Missing character: There is no Ë in font cmr8!
Missing character: There is no † in font cmr8!
Missing character: There is no Ë in font cmr12!
Missing character: There is no † in font cmr12!
Missing character: There is no Ë in font cmr12!
Missing character: There is no † in font cmr12!
Missing character: There is no Ë in font cmr12!
Missing character: There is no † in font cmr12!
Missing character: There is no Ë in font cmr12!
Missing character: There is no † in font cmr12!
 [42] <./images/a-c.png, id=1112, 490.83376pt x 371.3875pt>
File: ./images/a-c.png Graphic file (type png)

<use ./images/a-c.png>
Package pdftex.def Info: ./images/a-c.png used on input line 492.
(pdftex.def)             Requested size: 294.50252pt x 222.83421pt.
 [43] [44 <./images/a-c.png>] [45] [46] [47] [48]
[49] [50]
Missing character: There is no Ë in font cmr12!
Missing character: There is no † in font cmr12!
 [51] <./images/neuralnetwork.png, id=1211, 562.1pt x 280.04625pt>
File: ./images/neuralnetwork.png Graphic file (type png)

<use ./images/neuralnetwork.png>
Package pdftex.def Info: ./images/neuralnetwork.png used on input line 579.
(pdftex.def)             Requested size: 393.46732pt x 196.03102pt.


LaTeX Warning: `h' float specifier changed to `ht'.

[52] [53 <./images/neuralnetwork.png>] [54] [55] [56]
<./images/relu.pdf, id=1249, 829.0975pt x 538.01pt>
File: ./images/relu.pdf Graphic file (type pdf)
 <use ./images/relu.pdf>
Package pdftex.def Info: ./images/relu.pdf used on input line 654.
(pdftex.def)             Requested size: 331.63313pt x 215.20018pt.

[57 <./images/relu.pdf>]
<./images/sigmoid.pdf, id=1276, 709.65125pt x 458.71375pt>
File: ./images/sigmoid.pdf Graphic file (type pdf)

<use ./images/sigmoid.pdf>
Package pdftex.def Info: ./images/sigmoid.pdf used on input line 675.
(pdftex.def)             Requested size: 283.85547pt x 183.48224pt.
 [58]
<./images/tanh.pdf, id=1288, 829.0975pt x 538.01pt>
File: ./images/tanh.pdf Graphic file (type pdf)
 <use ./images/tanh.pdf>
Package pdftex.def Info: ./images/tanh.pdf used on input line 684.
(pdftex.def)             Requested size: 290.18848pt x 188.30632pt.

[59 <./images/sigmoid.pdf> <./images/tanh.pdf>]
<./images/nn-arch.png, id=1327, 465.74pt x 378.41376pt>
File: ./images/nn-arch.png Graphic file (type png)

<use ./images/nn-arch.png>
Package pdftex.def Info: ./images/nn-arch.png used on input line 694.
(pdftex.def)             Requested size: 279.44615pt x 227.05pt.

<./images/grad_descent.png, id=1332, 495.8525pt x 337.26pt>
File: ./images/grad_descent.png Graphic file (type png)

<use ./images/grad_descent.png>
Package pdftex.def Info: ./images/grad_descent.png used on input line 704.
(pdftex.def)             Requested size: 396.68254pt x 269.80836pt.
 [60 <./images/nn-arch.png>] [61 <./images/grad_descent.png>] <./images/back_pr
op.png, id=1348, 645.41125pt x 274.02374pt>
File: ./images/back_prop.png Graphic file (type png)

<use ./images/back_prop.png>
Package pdftex.def Info: ./images/back_prop.png used on input line 715.
(pdftex.def)             Requested size: 451.7848pt x 191.8153pt.

Overfull \hbox (15.71103pt too wide) in paragraph at lines 715--717
 [][] 
 []


Underfull \hbox (badness 10000) in paragraph at lines 719--742

 []

[62 <./images/back_prop.png>] [63] [64] [65]
Overfull \hbox (12.56348pt too wide) in paragraph at lines 797--799
\OT1/cmr/m/n/12 Now in the re-main-ing part of the ex-pec-ta-tion above, is a s
um over ac-tions i.e. $[][] \OMS/cmsy/m/n/12 r[]\OML/cmm/m/it/12 ^^Y[][]a\OMS/c
msy/m/n/12 j\OML/cmm/m/it/12 s[]$\OT1/cmr/m/n/12 .
 []

[66] [67] <./images/nn-actor.png, id=1439, 353.32pt x 327.2225pt>
File: ./images/nn-actor.png Graphic file (type png)

<use ./images/nn-actor.png>
Package pdftex.def Info: ./images/nn-actor.png used on input line 845.
(pdftex.def)             Requested size: 211.99364pt x 196.335pt.
 [68 <./images/nn-actor.png>] [69]
<./images/a2c.jpg, id=1470, 779.91376pt x 512.91624pt>
File: ./images/a2c.jpg Graphic file (type jpg)
 <use ./images/a2c.jpg>
Package pdftex.def Info: ./images/a2c.jpg used on input line 869.
(pdftex.def)             Requested size: 467.95187pt x 307.75212pt.

Overfull \hbox (31.8781pt too wide) in paragraph at lines 869--871
 [][] 
 []

[70 <./images/a2c.jpg>]
File: ./images/nn-actor.png Graphic file (type png)
 <use ./images/nn-actor.png>
Package pdftex.def Info: ./images/nn-actor.png used on input line 922.
(pdftex.def)             Requested size: 211.99364pt x 196.335pt.
 [71] [72]
<./images/nn-critic.png, id=1509, 269.005pt x 318.18875pt>
File: ./images/nn-critic.png Graphic file (type png)

<use ./images/nn-critic.png>
Package pdftex.def Info: ./images/nn-critic.png used on input line 938.
(pdftex.def)             Requested size: 161.40424pt x 190.9147pt.
 [73] [74 <./images/nn-critic.png>] [75] [76]
<./images/state-trans.png, id=1545, 428.60126pt x 358.33875pt>
File: ./images/state-trans.png Graphic file (type png)

<use ./images/state-trans.png>
Package pdftex.def Info: ./images/state-trans.png used on input line 984.
(pdftex.def)             Requested size: 300.01883pt x 250.83542pt.


LaTeX Warning: `h' float specifier changed to `ht'.

[77] [78 <./images/state-trans.png>]
<./images/sim-table.png, id=1564, 800.9925pt x 385.44pt>
File: ./images/sim-table.png Graphic file (type png)

<use ./images/sim-table.png>
Package pdftex.def Info: ./images/sim-table.png used on input line 1008.
(pdftex.def)             Requested size: 448.07378pt x 215.61555pt.
 [79 <./images/sim-table.png>] [80

]
Underfull \hbox (badness 10000) in paragraph at lines 1038--1041

 []

[81] <./images/plota2c_250_3.pdf, id=1587, 794.97pt x 505.89pt>
File: ./images/plota2c_250_3.pdf Graphic file (type pdf)

<use ./images/plota2c_250_3.pdf>
Package pdftex.def Info: ./images/plota2c_250_3.pdf used on input line 1066.
(pdftex.def)             Requested size: 556.4752pt x 354.12057pt.

Overfull \hbox (54.10701pt too wide) in paragraph at lines 1064--1068
 []|  [] 
 []

[82] [83 <./images/plota2c_250_3.pdf>]
<./images/a2c-dis-fact.pdf, id=1642, 794.97pt x 505.89pt>
File: ./images/a2c-dis-fact.pdf Graphic file (type pdf)

<use ./images/a2c-dis-fact.pdf>
Package pdftex.def Info: ./images/a2c-dis-fact.pdf used on input line 1077.
(pdftex.def)             Requested size: 635.97687pt x 404.71254pt.

Overfull \hbox (98.04272pt too wide) in paragraph at lines 1075--1079
 []|  [] 
 []


Underfull \hbox (badness 10000) in paragraph at lines 1072--1080

 []

[84] [85 <./images/a2c-dis-fact.pdf>]
<./images/a2c_reward_mag.pdf, id=1698, 794.97pt x 505.89pt>
File: ./images/a2c_reward_mag.pdf Graphic file (type pdf)

<use ./images/a2c_reward_mag.pdf>
Package pdftex.def Info: ./images/a2c_reward_mag.pdf used on input line 1088.
(pdftex.def)             Requested size: 635.97687pt x 404.71254pt.

Overfull \hbox (98.04272pt too wide) in paragraph at lines 1086--1090
 []|  [] 
 []


Underfull \hbox (badness 10000) in paragraph at lines 1083--1091

 []

[86] [87 <./images/a2c_reward_mag.pdf>]
Underfull \hbox (badness 10000) in paragraph at lines 1101--1104

 []

<./images/plot_reinforce_250.pdf, id=1754, 794.97pt x 505.89pt>
File: ./images/plot_reinforce_250.pdf Graphic file (type pdf)

<use ./images/plot_reinforce_250.pdf>
Package pdftex.def Info: ./images/plot_reinforce_250.pdf used on input line 112
7.
(pdftex.def)             Requested size: 580.32329pt x 369.29662pt.

Overfull \hbox (70.8419pt too wide) in paragraph at lines 1125--1129
 []|  [] 
 []

[88] [89 <./images/plot_reinforce_250.pdf>] [90] [91] [92

] [93] [94

]
(./Thesis-draft.bbl
Missing character: There is no â in font cmr12!
Missing character: There is no € in font cmr12!
Missing character: There is no ” in font cmr12!
Missing character: There is no Â in font cmr12!
Missing character: There is no © in font cmr12!
 [95

]
Missing character: There is no Ã in font cmr12!
Missing character: There is no ‡ in font cmr12!
 [96] [97] [98]
Missing character: There is no Å in font cmr12!
Missing character: There is no ¡ in font cmr12!
Missing character: There is no Ä in font cmr12!
Missing character: There is no ‡ in font cmr12!
Missing character: There is no Ã in font cmr12!
Missing character: There is no ³ in font cmr12!
Missing character: There is no Ã in font cmr12!
Missing character: There is no ³ in font cmr12!
Missing character: There is no Ã in font cmr12!
Missing character: There is no Ã in font cmr12!
Missing character: There is no © in font cmr12!
 [99]
Underfull \hbox (badness 10000) in paragraph at lines 334--336
[]\OT1/cmr/m/n/12 Y. Li, ``Deep re-in-force-ment learn-ing: An overview,'' \OT1
/cmr/m/it/12 arXiv preprint
 []

[100] [101]
Missing character: There is no â in font cmr12!
Missing character: There is no € in font cmr12!
Missing character: There is no ™ in font cmr12!
 [102])
Package atveryend Info: Empty hook `BeforeClearDocument' on input line 1192.
 [103]
Package atveryend Info: Empty hook `AfterLastShipout' on input line 1192.
 (./Thesis-draft.aux)
Package atveryend Info: Executing hook `AtVeryEndDocument' on input line 1192.
Package atveryend Info: Executing hook `AtEndAfterFileList' on input line 1192.

Package rerunfilecheck Info: File `Thesis-draft.out' has not changed.
(rerunfilecheck)             Checksum: 7D0DEBFA4D669B004DDA2E1571B526A6;6800.
Package atveryend Info: Empty hook `AtVeryVeryEnd' on input line 1192.
 ) 
Here is how much of TeX's memory you used:
 9442 strings out of 494437
 142193 string characters out of 6166644
 246286 words of memory out of 5000000
 12142 multiletter control sequences out of 15000+600000
 14225 words of font info for 55 fonts, out of 8000000 for 9000
 319 hyphenation exceptions out of 8191
 30i,18n,33p,2867b,823s stack positions out of 5000i,500n,10000p,200000b,80000s
</usr/local/texlive/2017basic/texmf-dist/fonts/type1/public/amsfonts/cm/cmbx1
2.pfb></usr/local/texlive/2017basic/texmf-dist/fonts/type1/public/amsfonts/cm/c
mbx8.pfb></usr/local/texlive/2017basic/texmf-dist/fonts/type1/public/amsfonts/c
m/cmex10.pfb></usr/local/texlive/2017basic/texmf-dist/fonts/type1/public/amsfon
ts/cmextra/cmex8.pfb></usr/local/texlive/2017basic/texmf-dist/fonts/type1/publi
c/amsfonts/cm/cmmi12.pfb></usr/local/texlive/2017basic/texmf-dist/fonts/type1/p
ublic/amsfonts/cm/cmmi6.pfb></usr/local/texlive/2017basic/texmf-dist/fonts/type
1/public/amsfonts/cm/cmmi8.pfb></usr/local/texlive/2017basic/texmf-dist/fonts/t
ype1/public/amsfonts/cm/cmr10.pfb></usr/local/texlive/2017basic/texmf-dist/font
s/type1/public/amsfonts/cm/cmr12.pfb></usr/local/texlive/2017basic/texmf-dist/f
onts/type1/public/amsfonts/cm/cmr6.pfb></usr/local/texlive/2017basic/texmf-dist
/fonts/type1/public/amsfonts/cm/cmr7.pfb></usr/local/texlive/2017basic/texmf-di
st/fonts/type1/public/amsfonts/cm/cmr8.pfb></usr/local/texlive/2017basic/texmf-
dist/fonts/type1/public/amsfonts/cm/cmsl12.pfb></usr/local/texlive/2017basic/te
xmf-dist/fonts/type1/public/amsfonts/cm/cmsy10.pfb></usr/local/texlive/2017basi
c/texmf-dist/fonts/type1/public/amsfonts/cm/cmsy6.pfb></usr/local/texlive/2017b
asic/texmf-dist/fonts/type1/public/amsfonts/cm/cmsy8.pfb></usr/local/texlive/20
17basic/texmf-dist/fonts/type1/public/amsfonts/cm/cmti12.pfb></usr/local/texliv
e/2017basic/texmf-dist/fonts/type1/public/amsfonts/cm/cmtt12.pfb></usr/local/te
xlive/2017basic/texmf-dist/fonts/type1/public/amsfonts/symbols/msbm10.pfb>
Output written on Thesis-draft.pdf (107 pages, 1728642 bytes).
PDF statistics:
 2047 PDF objects out of 2073 (max. 8388607)
 1669 compressed objects within 17 object streams
 491 named destinations out of 1000 (max. 500000)
 854 words of extra memory for PDF output out of 10000 (max. 10000000)

